INFO:  2021-12-21 10:14:12,175 - sparkmonitorkernel - 6051 - MainProcess -         139845907412800 - MainThread
 Starting Kernel Extension 

INFO:  2021-12-21 10:14:12,177 - sparkmonitorkernel - 6051 - MainProcess -         139845907412800 - MainThread
 Socket Listening on port 53037 

INFO:  2021-12-21 10:14:12,178 - sparkmonitorkernel - 6051 - MainProcess -         139836195096320 - Thread-7
 Starting socket thread, going to accept 

INFO:  2021-12-21 10:14:12,179 - sparkmonitorkernel - 6051 - MainProcess -         139845907412800 - MainThread
 53037 

INFO:  2021-12-21 10:14:12,180 - sparkmonitorkernel - 6051 - MainProcess -         139845907412800 - MainThread
 Adding jar from /opt/conda/lib/python3.9/site-packages/sparkmonitor/listener.jar  

INFO:  2021-12-21 10:14:12,306 - sparkmonitorkernel - 6051 - MainProcess -         139845907412800 - MainThread
 COMM OPENED MESSAGE: 
 {'header': {'date': datetime.datetime(2021, 12, 21, 9, 14, 12, 207000, tzinfo=tzutc()), 'msg_id': 'c3a65512-8667-4e13-b7ec-70a192272247', 'msg_type': 'comm_open', 'session': 'f2b4a14b-45d6-46fe-8749-ffaac413c061', 'username': '', 'version': '5.2'}, 'msg_id': 'c3a65512-8667-4e13-b7ec-70a192272247', 'msg_type': 'comm_open', 'parent_header': {}, 'metadata': {}, 'content': {'comm_id': 'bb5f616d-1302-460b-af8e-04995013be9a', 'target_name': 'SparkMonitor', 'data': {'msgtype': 'openfromfrontend'}}, 'buffers': []} 
 

INFO:  2021-12-21 10:14:12,313 - sparkmonitorkernel - 6051 - MainProcess -         139845907412800 - MainThread
 COMM OPENED MESSAGE: 
 {'header': {'date': datetime.datetime(2021, 12, 21, 9, 14, 12, 207000, tzinfo=tzutc()), 'msg_id': '4cfb8663-8579-4043-b53a-d2532c99cb02', 'msg_type': 'comm_open', 'session': 'f2b4a14b-45d6-46fe-8749-ffaac413c061', 'username': '', 'version': '5.2'}, 'msg_id': '4cfb8663-8579-4043-b53a-d2532c99cb02', 'msg_type': 'comm_open', 'parent_header': {}, 'metadata': {}, 'content': {'comm_id': 'cbf15619-5bf6-41fd-b485-88f8d4896f47', 'target_name': 'SparkMonitor', 'data': {'msgtype': 'openfromfrontend'}}, 'buffers':INFO:  2021-12-21 11:55:28,578 - sparkmonitorkernel - 276 - MainProcess -         140618714924864 - MainThread
 COMM OPENED MESSAGE: 
 {'header': {'date': datetime.datetime(2021, 12, 21, 10, 55, 28, 487000, tzinfo=tzutc()), 'msg_id': '22123f23-6eb4-4785-976f-7ce1664f869f', 'msg_type': 'comm_open', 'session': '75b84bd9-c211-473f-908a-2bc267aefecd', 'username': '', 'version': '5.2'}, 'msg_id': '22123f23-6eb4-4785-976f-7ce1664f869f', 'msg_type': 'comm_open', 'parent_header': {}, 'metadata': {}, 'content': {'comm_id': '5f0fff0f-f695-49b2-9bd4-6eeceb6edfb8', 'target_name': 'SparkMonitor', 'data': {'msgtype': 'openfromfrontend'}}, 'buffers': []} 
 

INFO:  2021-12-21 11:55:28,582 - sparkmonitorkernel - 276 - MainProcess -         140618714924864 - MainThread
 COMM OPENED MESSAGE: 
 {'header': {'date': datetime.datetime(2021, 12, 21, 10, 55, 28, 487000, tzinfo=tzutc()), 'msg_id': '57f4db19-ff63-4317-9b9c-c2ee7fca02d5', 'msg_type': 'comm_open', 'session': '75b84bd9-c211-473f-908a-2bc267aefecd', 'username': '', 'version': '5.2'}, 'msg_id': '57f4db19-ff63-4317-9b9c-c2ee7fca02d5', 'msg_type': 'comm_open', 'parent_header': {}, 'metadata': {}, 'content': {'comm_id': 'ba603576-e1fd-4404-a7f3-ce862ef0fe42', 'target_name': 'SparkMonitor', 'data': {'msgtype': 'openfromfrontend'}}, 'buffers': []} 
 

 []} 
 

